<?xml version="1.0" encoding="UTF-8"?>
<!-- Generated by org.testng.reporters.JUnitReportReporter -->
<testsuite hostname="DESKTOP-HHS48FN" failures="0" tests="1" name="tests.accountCreate" time="32.952" errors="0" timestamp="2022-10-15T03:20:47 BDT" skipped="0">
  <testcase classname="tests.accountCreate" name="createAccount" time="32.952"/>
  <system-out/>
</testsuite> <!-- tests.accountCreate -->
