<?xml version="1.0" encoding="UTF-8"?>
<!-- Generated by org.testng.reporters.JUnitReportReporter -->
<testsuite hostname="DESKTOP-NKNCMNI" failures="0" tests="1" name="tests.addresstAndInformationFillUp" time="37.764" errors="0" timestamp="2022-12-21T01:45:56 BDT" skipped="0">
  <testcase classname="tests.addresstAndInformationFillUp" name="information" time="37.764"/>
  <system-out/>
</testsuite> <!-- tests.addresstAndInformationFillUp -->
