<?xml version="1.0" encoding="UTF-8"?>
<!-- Generated by org.testng.reporters.JUnitReportReporter -->
<testsuite hostname="DESKTOP-HHS48FN" failures="0" tests="1" name="tests.CreateAnAccountAndInformationFillUp" time="69.025" errors="0" timestamp="2022-10-15T03:20:47 BDT" skipped="0">
  <testcase classname="tests.CreateAnAccountAndInformationFillUp" name="createInformation" time="69.025"/>
  <system-out/>
</testsuite> <!-- tests.CreateAnAccountAndInformationFillUp -->
