<?xml version="1.0" encoding="UTF-8"?>
<!-- Generated by org.testng.reporters.JUnitReportReporter -->
<testsuite hostname="DESKTOP-NKNCMNI" failures="0" tests="1" name="tests.bookOder" time="76.430" errors="0" timestamp="2022-12-21T01:45:56 BDT" skipped="0">
  <testcase classname="tests.bookOder" name="bookOrder" time="76.430"/>
  <system-out/>
</testsuite> <!-- tests.bookOder -->
