<?xml version="1.0" encoding="UTF-8"?>
<!-- Generated by org.testng.reporters.JUnitReportReporter -->
<testsuite hostname="DESKTOP-NKNCMNI" failures="0" tests="1" name="tests.bookSelectScroll" time="76.867" errors="0" timestamp="2022-12-21T01:45:56 BDT" skipped="0">
  <testcase classname="tests.bookSelectScroll" name="bookOrder" time="76.867"/>
  <system-out/>
</testsuite> <!-- tests.bookSelectScroll -->
